[
  {
    "device": "Windows11",
    "test_file": "test_landing.py",
    "status": "success",
    "stdout": "============================= test session starts =============================\nplatform win32 -- Python 3.13.2, pytest-8.3.5, pluggy-1.5.0\nrootdir: C:\\Users\\kjeon\\OneDrive\\Desktop\\QA\\Home\nplugins: base-url-2.1.0, html-4.1.1, json-0.4.0, json-report-1.5.0, metadata-3.1.1, ordering-0.6, playwright-0.7.0\ncollected 1 item\n\ntests\\test_landing.py .                                                  [100%]\n\n============================= 1 passed in 38.56s ==============================\n",
    "stderr": ""
  },
  {
    "device": "Windows11",
    "test_file": "test_language.py",
    "status": "success",
    "stdout": "============================= test session starts =============================\nplatform win32 -- Python 3.13.2, pytest-8.3.5, pluggy-1.5.0\nrootdir: C:\\Users\\kjeon\\OneDrive\\Desktop\\QA\\Home\nplugins: base-url-2.1.0, html-4.1.1, json-0.4.0, json-report-1.5.0, metadata-3.1.1, ordering-0.6, playwright-0.7.0\ncollected 1 item\n\ntests\\test_language.py .                                                 [100%]\n\n============================= 1 passed in 13.79s ==============================\n",
    "stderr": ""
  },
  {
    "device": "Windows11",
    "test_file": "test_pre-reserve.py",
    "status": "success",
    "stdout": "============================= test session starts =============================\nplatform win32 -- Python 3.13.2, pytest-8.3.5, pluggy-1.5.0\nrootdir: C:\\Users\\kjeon\\OneDrive\\Desktop\\QA\\Home\nplugins: base-url-2.1.0, html-4.1.1, json-0.4.0, json-report-1.5.0, metadata-3.1.1, ordering-0.6, playwright-0.7.0\ncollected 1 item\n\ntests\\test_pre-reserve.py .                                              [100%]\n\n============================= 1 passed in 20.30s ==============================\n",
    "stderr": ""
  },
  {
    "device": "Galaxy S24",
    "test_file": "test_landing.py",
    "status": "failure",
    "stdout": "============================= test session starts =============================\nplatform win32 -- Python 3.13.2, pytest-8.3.5, pluggy-1.5.0\nrootdir: C:\\Users\\kjeon\\OneDrive\\Desktop\\QA\\Home\nplugins: base-url-2.1.0, html-4.1.1, json-0.4.0, json-report-1.5.0, metadata-3.1.1, ordering-0.6, playwright-0.7.0\ncollected 1 item\n\ntests\\test_landing.py F\n\n================================== FAILURES ===================================\n_______________________ test_landing_links_and_download _______________________\ntests\\test_landing.py:34: in test_landing_links_and_download\n    insta_page.wait_for_load_state()\n..\\..\\..\\..\\AppData\\Local\\Programs\\Python\\Python313\\Lib\\site-packages\\playwright\\sync_api\\_generated.py:9116: in wait_for_load_state\n    self._sync(self._impl_obj.wait_for_load_state(state=state, timeout=timeout))\n..\\..\\..\\..\\AppData\\Local\\Programs\\Python\\Python313\\Lib\\site-packages\\playwright\\_impl\\_page.py:567: in wait_for_load_state\n    return await self._main_frame.wait_for_load_state(**locals_to_params(locals()))\n..\\..\\..\\..\\AppData\\Local\\Programs\\Python\\Python313\\Lib\\site-packages\\playwright\\_impl\\_frame.py:243: in wait_for_load_state\n    return await self._wait_for_load_state_impl(state, timeout)\n..\\..\\..\\..\\AppData\\Local\\Programs\\Python\\Python313\\Lib\\site-packages\\playwright\\_impl\\_frame.py:271: in _wait_for_load_state_impl\n    await waiter.result()\nE   playwright._impl._errors.TimeoutError: Timeout 30000ms exceeded.\nE   =========================== logs ===========================\nE   \"networkidle\" event fired\nE   ============================================================\n=========================== short test summary info ===========================\nFAILED tests/test_landing.py::test_landing_links_and_download - playwright._i...\n!!!!!!!!!!!!!!!!!!!!!!!!!! stopping after 1 failures !!!!!!!!!!!!!!!!!!!!!!!!!!\n============================= 1 failed in 47.37s ==============================\n",
    "stderr": ""
  },
  {
    "device": "Galaxy S24",
    "test_file": "test_language.py",
    "status": "success",
    "stdout": "============================= test session starts =============================\nplatform win32 -- Python 3.13.2, pytest-8.3.5, pluggy-1.5.0\nrootdir: C:\\Users\\kjeon\\OneDrive\\Desktop\\QA\\Home\nplugins: base-url-2.1.0, html-4.1.1, json-0.4.0, json-report-1.5.0, metadata-3.1.1, ordering-0.6, playwright-0.7.0\ncollected 1 item\n\ntests\\test_language.py .                                                 [100%]\n\n============================= 1 passed in 14.01s ==============================\n",
    "stderr": ""
  },
  {
    "device": "Galaxy A15",
    "test_file": "test_landing.py",
    "status": "failure",
    "stdout": "============================= test session starts =============================\nplatform win32 -- Python 3.13.2, pytest-8.3.5, pluggy-1.5.0\nrootdir: C:\\Users\\kjeon\\OneDrive\\Desktop\\QA\\Home\nplugins: base-url-2.1.0, html-4.1.1, json-0.4.0, json-report-1.5.0, metadata-3.1.1, ordering-0.6, playwright-0.7.0\ncollected 1 item\n\ntests\\test_landing.py F\n\n================================== FAILURES ===================================\n_______________________ test_landing_links_and_download _______________________\ntests\\test_landing.py:47: in test_landing_links_and_download\n    page.wait_for_timeout(3000)\n..\\..\\..\\..\\AppData\\Local\\Programs\\Python\\Python313\\Lib\\site-packages\\playwright\\sync_api\\_generated.py:11490: in wait_for_timeout\n    self._sync(self._impl_obj.wait_for_timeout(timeout=timeout))\n..\\..\\..\\..\\AppData\\Local\\Programs\\Python\\Python313\\Lib\\site-packages\\playwright\\_impl\\_page.py:1073: in wait_for_timeout\n    await self._main_frame.wait_for_timeout(timeout)\n..\\..\\..\\..\\AppData\\Local\\Programs\\Python\\Python313\\Lib\\site-packages\\playwright\\_impl\\_frame.py:756: in wait_for_timeout\n    await self._channel.send(\"waitForTimeout\", locals_to_params(locals()))\n..\\..\\..\\..\\AppData\\Local\\Programs\\Python\\Python313\\Lib\\site-packages\\playwright\\_impl\\_connection.py:61: in send\n    return await self._connection.wrap_api_call(\n..\\..\\..\\..\\AppData\\Local\\Programs\\Python\\Python313\\Lib\\site-packages\\playwright\\_impl\\_connection.py:528: in wrap_api_call\n    raise rewrite_error(error, f\"{parsed_st['apiName']}: {error}\") from None\nE   playwright._impl._errors.TargetClosedError: Page.wait_for_timeout: Target page, context or browser has been closed\n=========================== short test summary info ===========================\nFAILED tests/test_landing.py::test_landing_links_and_download - playwright._i...\n!!!!!!!!!!!!!!!!!!!!!!!!!! stopping after 1 failures !!!!!!!!!!!!!!!!!!!!!!!!!!\n============================= 1 failed in 27.00s ==============================\n",
    "stderr": ""
  },
  {
    "device": "Galaxy A15",
    "test_file": "test_language.py",
    "status": "success",
    "stdout": "============================= test session starts =============================\nplatform win32 -- Python 3.13.2, pytest-8.3.5, pluggy-1.5.0\nrootdir: C:\\Users\\kjeon\\OneDrive\\Desktop\\QA\\Home\nplugins: base-url-2.1.0, html-4.1.1, json-0.4.0, json-report-1.5.0, metadata-3.1.1, ordering-0.6, playwright-0.7.0\ncollected 1 item\n\ntests\\test_language.py .                                                 [100%]\n\n============================= 1 passed in 13.47s ==============================\n",
    "stderr": ""
  },
  {
    "device": "iPhone 14 Pro Max",
    "test_file": "test_landing.py",
    "status": "failure",
    "stdout": "============================= test session starts =============================\nplatform win32 -- Python 3.13.2, pytest-8.3.5, pluggy-1.5.0\nrootdir: C:\\Users\\kjeon\\OneDrive\\Desktop\\QA\\Home\nplugins: base-url-2.1.0, html-4.1.1, json-0.4.0, json-report-1.5.0, metadata-3.1.1, ordering-0.6, playwright-0.7.0\ncollected 1 item\n\ntests\\test_landing.py F\n\n================================== FAILURES ===================================\n_______________________ test_landing_links_and_download _______________________\ntests\\test_landing.py:7: in test_landing_links_and_download\n    page.goto(URLS[\"home_main\"])\n..\\..\\..\\..\\AppData\\Local\\Programs\\Python\\Python313\\Lib\\site-packages\\playwright\\sync_api\\_generated.py:9018: in goto\n    self._sync(\n..\\..\\..\\..\\AppData\\Local\\Programs\\Python\\Python313\\Lib\\site-packages\\playwright\\_impl\\_page.py:551: in goto\n    return await self._main_frame.goto(**locals_to_params(locals()))\n..\\..\\..\\..\\AppData\\Local\\Programs\\Python\\Python313\\Lib\\site-packages\\playwright\\_impl\\_frame.py:145: in goto\n    await self._channel.send(\"goto\", locals_to_params(locals()))\n..\\..\\..\\..\\AppData\\Local\\Programs\\Python\\Python313\\Lib\\site-packages\\playwright\\_impl\\_connection.py:61: in send\n    return await self._connection.wrap_api_call(\n..\\..\\..\\..\\AppData\\Local\\Programs\\Python\\Python313\\Lib\\site-packages\\playwright\\_impl\\_connection.py:528: in wrap_api_call\n    raise rewrite_error(error, f\"{parsed_st['apiName']}: {error}\") from None\nE   playwright._impl._errors.Error: Page.goto: net::ERR_ABORTED; maybe frame was detached?\nE   Call log:\nE     - navigating to \"https://stg.ceramiqueclinic.com/ko/m/pre-booking\", waiting until \"load\"\n=========================== short test summary info ===========================\nFAILED tests/test_landing.py::test_landing_links_and_download - playwright._i...\n!!!!!!!!!!!!!!!!!!!!!!!!!! stopping after 1 failures !!!!!!!!!!!!!!!!!!!!!!!!!!\n============================== 1 failed in 2.39s ==============================\n",
    "stderr": ""
  },
  {
    "device": "iPhone 14 Pro Max",
    "test_file": "test_language.py",
    "status": "success",
    "stdout": "============================= test session starts =============================\nplatform win32 -- Python 3.13.2, pytest-8.3.5, pluggy-1.5.0\nrootdir: C:\\Users\\kjeon\\OneDrive\\Desktop\\QA\\Home\nplugins: base-url-2.1.0, html-4.1.1, json-0.4.0, json-report-1.5.0, metadata-3.1.1, ordering-0.6, playwright-0.7.0\ncollected 1 item\n\ntests\\test_language.py .                                                 [100%]\n\n============================= 1 passed in 13.24s ==============================\n",
    "stderr": ""
  },
  {
    "device": "iPhone 15",
    "test_file": "test_landing.py",
    "status": "failure",
    "stdout": "============================= test session starts =============================\nplatform win32 -- Python 3.13.2, pytest-8.3.5, pluggy-1.5.0\nrootdir: C:\\Users\\kjeon\\OneDrive\\Desktop\\QA\\Home\nplugins: base-url-2.1.0, html-4.1.1, json-0.4.0, json-report-1.5.0, metadata-3.1.1, ordering-0.6, playwright-0.7.0\ncollected 1 item\n\ntests\\test_landing.py F\n\n================================== FAILURES ===================================\n_______________________ test_landing_links_and_download _______________________\ntests\\test_landing.py:34: in test_landing_links_and_download\n    insta_page.wait_for_load_state()\n..\\..\\..\\..\\AppData\\Local\\Programs\\Python\\Python313\\Lib\\site-packages\\playwright\\sync_api\\_generated.py:9116: in wait_for_load_state\n    self._sync(self._impl_obj.wait_for_load_state(state=state, timeout=timeout))\n..\\..\\..\\..\\AppData\\Local\\Programs\\Python\\Python313\\Lib\\site-packages\\playwright\\_impl\\_page.py:567: in wait_for_load_state\n    return await self._main_frame.wait_for_load_state(**locals_to_params(locals()))\n..\\..\\..\\..\\AppData\\Local\\Programs\\Python\\Python313\\Lib\\site-packages\\playwright\\_impl\\_frame.py:243: in wait_for_load_state\n    return await self._wait_for_load_state_impl(state, timeout)\n..\\..\\..\\..\\AppData\\Local\\Programs\\Python\\Python313\\Lib\\site-packages\\playwright\\_impl\\_frame.py:271: in _wait_for_load_state_impl\n    await waiter.result()\nE   playwright._impl._errors.TimeoutError: Timeout 30000ms exceeded.\nE   =========================== logs ===========================\nE   \"networkidle\" event fired\nE   ============================================================\n=========================== short test summary info ===========================\nFAILED tests/test_landing.py::test_landing_links_and_download - playwright._i...\n!!!!!!!!!!!!!!!!!!!!!!!!!! stopping after 1 failures !!!!!!!!!!!!!!!!!!!!!!!!!!\n============================= 1 failed in 46.34s ==============================\n",
    "stderr": ""
  },
  {
    "device": "iPhone 15",
    "test_file": "test_language.py",
    "status": "success",
    "stdout": "============================= test session starts =============================\nplatform win32 -- Python 3.13.2, pytest-8.3.5, pluggy-1.5.0\nrootdir: C:\\Users\\kjeon\\OneDrive\\Desktop\\QA\\Home\nplugins: base-url-2.1.0, html-4.1.1, json-0.4.0, json-report-1.5.0, metadata-3.1.1, ordering-0.6, playwright-0.7.0\ncollected 1 item\n\ntests\\test_language.py .                                                 [100%]\n\n============================= 1 passed in 14.04s ==============================\n",
    "stderr": ""
  }
]