[
  {
    "test_name": "test_cen_event_validation",
    "status": "FAIL",
    "message": "FAILED tests/test_cen_event_validation.py::test_event_validations - Assertion...",
    "timestamp": "2025-06-24 15:08:04",
    "file": "tests/test_cen_event_validation.py",
    "stack": "============================= test session starts =============================\nplatform win32 -- Python 3.13.2, pytest-8.3.5, pluggy-1.5.0\nrootdir: C:\\Users\\kjeon\\OneDrive\\Desktop\\QA\\Home\nplugins: base-url-2.1.0, html-4.1.1, json-0.4.0, json-report-1.5.0, metadata-3.1.1, ordering-0.6, playwright-0.7.0\ncollected 1 item\n\ntests\\test_cen_event_validation.py F                                     [100%]\n\n================================== FAILURES ===================================\n___________________________ test_event_validations ____________________________\n\npage = <Page url='https://stg.centurion.ai.kr/homepage/events/register'>\n\n    def test_event_validations(page: Page):\n        cen_login(page)\n    \n        # \\u2705 [1] \\uc774\\ubbf8\\uc9c0 \\uc5c5\\ub85c\\ub4dc \\uc720\\ud6a8\\uc131 \\ud655\\uc778\n        page.goto(URLS[\"cen_event\"])\n        page.wait_for_timeout(1000)\n        page.click('[data-testid=\"btn_register_event\"]')\n        page.wait_for_timeout(1000)\n    \n        check_invalid_upload(page, img.overspec_img, \"toast_image_size\")\n        page.wait_for_timeout(1000)\n>       check_invalid_upload(page, img.nonspec_img, \"toast_image_format\")\n\ntests\\test_cen_event_validation.py:22: \n_ _ _ _ _ _ _ _ _ _ _ _ _ _ _ _ _ _ _ _ _ _ _ _ _ _ _ _ _ _ _ _ _ _ _ _ _ _ _ _\n\npage = <Page url='https://stg.centurion.ai.kr/homepage/events/register'>\nfile_path = 'C:\\\\Users\\\\kjeon\\\\OneDrive\\\\Desktop\\\\QA\\\\Home\\\\data\\\\fixtures\\\\img_nonspec.gif'\ntoast_testid = 'toast_image_format'\n\n    def check_invalid_upload(page: Page, file_path: str, toast_testid: str):\n        page.set_input_files('[data-testid=\"upload_image\"]', file_path)\n        page.wait_for_timeout(500)\n>       expect(page.locator(f'[data-testid=\"{toast_testid}\"]')).to_be_visible(timeout=3000)\nE       AssertionError: Locator expected to be visible\nE       Actual value: <element(s) not found> \nE       Call log:\nE         - LocatorAssertions.to_be_visible with timeout 3000ms\nE         -   - waiting for locator(\"[data-testid=\\\"toast_image_format\\\"]\")\n\ntests\\test_cen_event_validation.py:9: AssertionError\n---------------------------- Captured stdout call -----------------------------\n\\u2705 toast_image_size \\ud1a0\\uc2a4\\ud2b8 \\ud655\\uc778 \\uc644\\ub8cc\n--------------------------------- JSON report ---------------------------------\nreport saved to: .report.json\n=========================== short test summary info ===========================\nFAILED tests/test_cen_event_validation.py::test_event_validations - Assertion...\n============================= 1 failed in 19.59s ==============================\n",
    "duration": "20.37ì´ˆ",
    "device": "Windows_Chrome"
  }
]